# JRE version: OpenJDK Runtime Environment Temurin-21.0.10+7 (21.0.10+7) (build 21.0.10+7-LTS)
# Java VM: OpenJDK 64-Bit Server VM Temurin-21.0.10+7 (21.0.10+7-LTS, mixed mode, sharing, tiered, compressed oops, compressed class ptrs, parallel gc, windows-amd64)
GC Precious Log:
 CardTable entry size: 512
 CPUs: 16 total, 16 available
 Memory: 15626M
 Large Page Support: Disabled
 NUMA Support: Disabled
 Compressed Oops: Enabled (32-bit)
 Alignments: Space 512K, Generation 512K, Heap 2M
 Heap Min Capacity: 100M
 Heap Initial Capacity: 100M
 Heap Max Capacity: 2G
 Pre-touch: Disabled
 Parallel Workers: 13
Heap:
 PSYoungGen      total 23040K, used 16433K [0x00000000d5580000, 0x00000000d6e80000, 0x0000000100000000)
  eden space 22016K, 71% used [0x00000000d5580000,0x00000000d64c84d0,0x00000000d6b00000)
  from space 1024K, 76% used [0x00000000d6d80000,0x00000000d6e44010,0x00000000d6e80000)
  to   space 1024K, 0% used [0x00000000d6c00000,0x00000000d6c00000,0x00000000d6d00000)
 ParOldGen       total 68608K, used 23997K [0x0000000080000000, 0x0000000084300000, 0x00000000d5580000)
  object space 68608K, 34% used [0x0000000080000000,0x000000008176f428,0x0000000084300000)
 Metaspace       used 42910K, committed 44032K, reserved 1114112K
  class space    used 4563K, committed 4992K, reserved 1048576K
GC Heap History (20 events):
Event: 6.709 GC heap before
{Heap before GC invocations=9 (full 1):
 PSYoungGen      total 29696K, used 24576K [0x00000000d5580000, 0x00000000d7780000, 0x0000000100000000)
  eden space 24576K, 100% used [0x00000000d5580000,0x00000000d6d80000,0x00000000d6d80000)
  from space 5120K, 0% used [0x00000000d6d80000,0x00000000d6d80000,0x00000000d7280000)
  to   space 5120K, 0% used [0x00000000d7280000,0x00000000d7280000,0x00000000d7780000)
 ParOldGen       total 68608K, used 13631K [0x0000000080000000, 0x0000000084300000, 0x00000000d5580000)
  object space 68608K, 19% used [0x0000000080000000,0x0000000080d4ff98,0x0000000084300000)
 Metaspace       used 22819K, committed 23872K, reserved 1114112K
  class space    used 2379K, committed 2816K, reserved 1048576K
}
Event: 6.711 GC heap after
{Heap after GC invocations=9 (full 1):
 PSYoungGen      total 27136K, used 2747K [0x00000000d5580000, 0x00000000d7580000, 0x0000000100000000)
  eden space 24064K, 0% used [0x00000000d5580000,0x00000000d5580000,0x00000000d6d00000)
  from space 3072K, 89% used [0x00000000d7280000,0x00000000d752ecc8,0x00000000d7580000)
  to   space 3584K, 0% used [0x00000000d6e80000,0x00000000d6e80000,0x00000000d7200000)
 ParOldGen       total 68608K, used 13639K [0x0000000080000000, 0x0000000084300000, 0x00000000d5580000)
  object space 68608K, 19% used [0x0000000080000000,0x0000000080d51f98,0x0000000084300000)
 Metaspace       used 22819K, committed 23872K, reserved 1114112K
  class space    used 2379K, committed 2816K, reserved 1048576K
}
Event: 6.965 GC heap before
{Heap before GC invocations=10 (full 1):
 PSYoungGen      total 27136K, used 26790K [0x00000000d5580000, 0x00000000d7580000, 0x0000000100000000)
  eden space 24064K, 99% used [0x00000000d5580000,0x00000000d6cfad08,0x00000000d6d00000)
  from space 3072K, 89% used [0x00000000d7280000,0x00000000d752ecc8,0x00000000d7580000)
  to   space 3584K, 0% used [0x00000000d6e80000,0x00000000d6e80000,0x00000000d7200000)
 ParOldGen       total 68608K, used 13639K [0x0000000080000000, 0x0000000084300000, 0x00000000d5580000)
  object space 68608K, 19% used [0x0000000080000000,0x0000000080d51f98,0x0000000084300000)
 Metaspace       used 26291K, committed 27328K, reserved 1114112K
  class space    used 2645K, committed 3072K, reserved 1048576K
}
Event: 6.966 GC heap after
{Heap after GC invocations=10 (full 1):
 PSYoungGen      total 27136K, used 3583K [0x00000000d5580000, 0x00000000d7480000, 0x0000000100000000)
  eden space 23552K, 0% used [0x00000000d5580000,0x00000000d5580000,0x00000000d6c80000)
  from space 3584K, 99% used [0x00000000d6e80000,0x00000000d71ffdc8,0x00000000d7200000)
  to   space 2560K, 0% used [0x00000000d7200000,0x00000000d7200000,0x00000000d7480000)
 ParOldGen       total 68608K, used 13735K [0x0000000080000000, 0x0000000084300000, 0x00000000d5580000)
  object space 68608K, 20% used [0x0000000080000000,0x0000000080d69f98,0x0000000084300000)
 Metaspace       used 26291K, committed 27328K, reserved 1114112K
  class space    used 2645K, committed 3072K, reserved 1048576K
}
Event: 7.181 GC heap before
{Heap before GC invocations=11 (full 1):
 PSYoungGen      total 27136K, used 27135K [0x00000000d5580000, 0x00000000d7480000, 0x0000000100000000)
  eden space 23552K, 100% used [0x00000000d5580000,0x00000000d6c80000,0x00000000d6c80000)
  from space 3584K, 99% used [0x00000000d6e80000,0x00000000d71ffdc8,0x00000000d7200000)
  to   space 2560K, 0% used [0x00000000d7200000,0x00000000d7200000,0x00000000d7480000)
 ParOldGen       total 68608K, used 13735K [0x0000000080000000, 0x0000000084300000, 0x00000000d5580000)
  object space 68608K, 20% used [0x0000000080000000,0x0000000080d69f98,0x0000000084300000)
 Metaspace       used 27845K, committed 28928K, reserved 1114112K
  class space    used 2738K, committed 3200K, reserved 1048576K
}
Event: 7.183 GC heap after
{Heap after GC invocations=11 (full 1):
 PSYoungGen      total 25600K, used 2278K [0x00000000d5580000, 0x00000000d7480000, 0x0000000100000000)
  eden space 23040K, 0% used [0x00000000d5580000,0x00000000d5580000,0x00000000d6c00000)
  from space 2560K, 89% used [0x00000000d7200000,0x00000000d7439b30,0x00000000d7480000)
  to   space 3072K, 0% used [0x00000000d6e80000,0x00000000d6e80000,0x00000000d7180000)
 ParOldGen       total 68608K, used 15613K [0x0000000080000000, 0x0000000084300000, 0x00000000d5580000)
  object space 68608K, 22% used [0x0000000080000000,0x0000000080f3f528,0x0000000084300000)
 Metaspace       used 27845K, committed 28928K, reserved 1114112K
  class space    used 2738K, committed 3200K, reserved 1048576K
}
Event: 7.728 GC heap before
{Heap before GC invocations=12 (full 1):
 PSYoungGen      total 25600K, used 25318K [0x00000000d5580000, 0x00000000d7480000, 0x0000000100000000)
  eden space 23040K, 100% used [0x00000000d5580000,0x00000000d6c00000,0x00000000d6c00000)
  from space 2560K, 89% used [0x00000000d7200000,0x00000000d7439b30,0x00000000d7480000)
  to   space 3072K, 0% used [0x00000000d6e80000,0x00000000d6e80000,0x00000000d7180000)
 ParOldGen       total 68608K, used 15613K [0x0000000080000000, 0x0000000084300000, 0x00000000d5580000)
  object space 68608K, 22% used [0x0000000080000000,0x0000000080f3f528,0x0000000084300000)
 Metaspace       used 31068K, committed 32192K, reserved 1114112K
  class space    used 3062K, committed 3520K, reserved 1048576K
}
Event: 7.731 GC heap after
{Heap after GC invocations=12 (full 1):
 PSYoungGen      total 25088K, used 2064K [0x00000000d5580000, 0x00000000d7280000, 0x0000000100000000)
  eden space 22528K, 0% used [0x00000000d5580000,0x00000000d5580000,0x00000000d6b80000)
  from space 2560K, 80% used [0x00000000d6e80000,0x00000000d7084360,0x00000000d7100000)
  to   space 1536K, 0% used [0x00000000d7100000,0x00000000d7100000,0x00000000d7280000)
 ParOldGen       total 68608K, used 17544K [0x0000000080000000, 0x0000000084300000, 0x00000000d5580000)
  object space 68608K, 25% used [0x0000000080000000,0x0000000081122350,0x0000000084300000)
 Metaspace       used 31068K, committed 32192K, reserved 1114112K
  class space    used 3062K, committed 3520K, reserved 1048576K
}
Event: 8.009 GC heap before
{Heap before GC invocations=13 (full 1):
 PSYoungGen      total 25088K, used 24592K [0x00000000d5580000, 0x00000000d7280000, 0x0000000100000000)
  eden space 22528K, 100% used [0x00000000d5580000,0x00000000d6b80000,0x00000000d6b80000)
  from space 2560K, 80% used [0x00000000d6e80000,0x00000000d7084360,0x00000000d7100000)
  to   space 1536K, 0% used [0x00000000d7100000,0x00000000d7100000,0x00000000d7280000)
 ParOldGen       total 68608K, used 17544K [0x0000000080000000, 0x0000000084300000, 0x00000000d5580000)
  object space 68608K, 25% used [0x0000000080000000,0x0000000081122350,0x0000000084300000)
 Metaspace       used 34182K, committed 35328K, reserved 1114112K
  class space    used 3423K, committed 3904K, reserved 1048576K
}
Event: 8.011 GC heap after
{Heap after GC invocations=13 (full 1):
 PSYoungGen      total 23552K, used 1521K [0x00000000d5580000, 0x00000000d7300000, 0x0000000100000000)
  eden space 22016K, 0% used [0x00000000d5580000,0x00000000d5580000,0x00000000d6b00000)
  from space 1536K, 99% used [0x00000000d7100000,0x00000000d727c648,0x00000000d7280000)
  to   space 4096K, 0% used [0x00000000d6b00000,0x00000000d6b00000,0x00000000d6f00000)
 ParOldGen       total 68608K, used 19600K [0x0000000080000000, 0x0000000084300000, 0x00000000d5580000)
  object space 68608K, 28% used [0x0000000080000000,0x00000000813243b0,0x0000000084300000)
 Metaspace       used 34182K, committed 35328K, reserved 1114112K
  class space    used 3423K, committed 3904K, reserved 1048576K
}
Event: 8.051 GC heap before
{Heap before GC invocations=14 (full 1):
 PSYoungGen      total 23552K, used 6283K [0x00000000d5580000, 0x00000000d7300000, 0x0000000100000000)
  eden space 22016K, 21% used [0x00000000d5580000,0x00000000d5a26800,0x00000000d6b00000)
  from space 1536K, 99% used [0x00000000d7100000,0x00000000d727c648,0x00000000d7280000)
  to   space 4096K, 0% used [0x00000000d6b00000,0x00000000d6b00000,0x00000000d6f00000)
 ParOldGen       total 68608K, used 19600K [0x0000000080000000, 0x0000000084300000, 0x00000000d5580000)
  object space 68608K, 28% used [0x0000000080000000,0x00000000813243b0,0x0000000084300000)
 Metaspace       used 34669K, committed 35840K, reserved 1114112K
  class space    used 3475K, committed 3904K, reserved 1048576K
}
Event: 8.053 GC heap after
{Heap after GC invocations=14 (full 1):
 PSYoungGen      total 25088K, used 2838K [0x00000000d5580000, 0x00000000d7200000, 0x0000000100000000)
  eden space 22016K, 0% used [0x00000000d5580000,0x00000000d5580000,0x00000000d6b00000)
  from space 3072K, 92% used [0x00000000d6b00000,0x00000000d6dc58e0,0x00000000d6e00000)
  to   space 3584K, 0% used [0x00000000d6e80000,0x00000000d6e80000,0x00000000d7200000)
 ParOldGen       total 68608K, used 21006K [0x0000000080000000, 0x0000000084300000, 0x00000000d5580000)
  object space 68608K, 30% used [0x0000000080000000,0x0000000081483b60,0x0000000084300000)
 Metaspace       used 34669K, committed 35840K, reserved 1114112K
  class space    used 3475K, committed 3904K, reserved 1048576K
}
Event: 8.053 GC heap before
{Heap before GC invocations=15 (full 2):
 PSYoungGen      total 25088K, used 2838K [0x00000000d5580000, 0x00000000d7200000, 0x0000000100000000)
  eden space 22016K, 0% used [0x00000000d5580000,0x00000000d5580000,0x00000000d6b00000)
  from space 3072K, 92% used [0x00000000d6b00000,0x00000000d6dc58e0,0x00000000d6e00000)
  to   space 3584K, 0% used [0x00000000d6e80000,0x00000000d6e80000,0x00000000d7200000)
 ParOldGen       total 68608K, used 21006K [0x0000000080000000, 0x0000000084300000, 0x00000000d5580000)
  object space 68608K, 30% used [0x0000000080000000,0x0000000081483b60,0x0000000084300000)
 Metaspace       used 34669K, committed 35840K, reserved 1114112K
  class space    used 3475K, committed 3904K, reserved 1048576K
}
Event: 8.086 GC heap after
{Heap after GC invocations=15 (full 2):
 PSYoungGen      total 25088K, used 0K [0x00000000d5580000, 0x00000000d7200000, 0x0000000100000000)
  eden space 22016K, 0% used [0x00000000d5580000,0x00000000d5580000,0x00000000d6b00000)
  from space 3072K, 0% used [0x00000000d6b00000,0x00000000d6b00000,0x00000000d6e00000)
  to   space 3584K, 0% used [0x00000000d6e80000,0x00000000d6e80000,0x00000000d7200000)
 ParOldGen       total 68608K, used 21449K [0x0000000080000000, 0x0000000084300000, 0x00000000d5580000)
  object space 68608K, 31% used [0x0000000080000000,0x00000000814f2770,0x0000000084300000)
 Metaspace       used 34669K, committed 35840K, reserved 1114112K
  class space    used 3475K, committed 3904K, reserved 1048576K
}
Event: 8.362 GC heap before
{Heap before GC invocations=16 (full 2):
 PSYoungGen      total 25088K, used 22016K [0x00000000d5580000, 0x00000000d7200000, 0x0000000100000000)
  eden space 22016K, 100% used [0x00000000d5580000,0x00000000d6b00000,0x00000000d6b00000)
  from space 3072K, 0% used [0x00000000d6b00000,0x00000000d6b00000,0x00000000d6e00000)
  to   space 3584K, 0% used [0x00000000d6e80000,0x00000000d6e80000,0x00000000d7200000)
 ParOldGen       total 68608K, used 21449K [0x0000000080000000, 0x0000000084300000, 0x00000000d5580000)
  object space 68608K, 31% used [0x0000000080000000,0x00000000814f2770,0x0000000084300000)
 Metaspace       used 37521K, committed 38656K, reserved 1114112K
  class space    used 3844K, committed 4288K, reserved 1048576K
}
Event: 8.366 GC heap after
{Heap after GC invocations=16 (full 2):
 PSYoungGen      total 24576K, used 2110K [0x00000000d5580000, 0x00000000d7100000, 0x0000000100000000)
  eden space 22016K, 0% used [0x00000000d5580000,0x00000000d5580000,0x00000000d6b00000)
  from space 2560K, 82% used [0x00000000d6e80000,0x00000000d708f9a0,0x00000000d7100000)
  to   space 2560K, 0% used [0x00000000d6c00000,0x00000000d6c00000,0x00000000d6e80000)
 ParOldGen       total 68608K, used 21457K [0x0000000080000000, 0x0000000084300000, 0x00000000d5580000)
  object space 68608K, 31% used [0x0000000080000000,0x00000000814f4770,0x0000000084300000)
 Metaspace       used 37521K, committed 38656K, reserved 1114112K
  class space    used 3844K, committed 4288K, reserved 1048576K
}
Event: 8.772 GC heap before
{Heap before GC invocations=17 (full 2):
 PSYoungGen      total 24576K, used 24126K [0x00000000d5580000, 0x00000000d7100000, 0x0000000100000000)
  eden space 22016K, 100% used [0x00000000d5580000,0x00000000d6b00000,0x00000000d6b00000)
  from space 2560K, 82% used [0x00000000d6e80000,0x00000000d708f9a0,0x00000000d7100000)
  to   space 2560K, 0% used [0x00000000d6c00000,0x00000000d6c00000,0x00000000d6e80000)
 ParOldGen       total 68608K, used 21457K [0x0000000080000000, 0x0000000084300000, 0x00000000d5580000)
  object space 68608K, 31% used [0x0000000080000000,0x00000000814f4770,0x0000000084300000)
 Metaspace       used 39474K, committed 40704K, reserved 1114112K
  class space    used 4134K, committed 4608K, reserved 1048576K
}
Event: 8.775 GC heap after
{Heap after GC invocations=17 (full 2):
 PSYoungGen      total 23040K, used 873K [0x00000000d5580000, 0x00000000d6f00000, 0x0000000100000000)
  eden space 22016K, 0% used [0x00000000d5580000,0x00000000d5580000,0x00000000d6b00000)
  from space 1024K, 85% used [0x00000000d6c00000,0x00000000d6cda460,0x00000000d6d00000)
  to   space 1536K, 0% used [0x00000000d6d80000,0x00000000d6d80000,0x00000000d6f00000)
 ParOldGen       total 68608K, used 23311K [0x0000000080000000, 0x0000000084300000, 0x00000000d5580000)
  object space 68608K, 33% used [0x0000000080000000,0x00000000816c3fb8,0x0000000084300000)
 Metaspace       used 39474K, committed 40704K, reserved 1114112K
  class space    used 4134K, committed 4608K, reserved 1048576K
}
Event: 9.252 GC heap before
{Heap before GC invocations=18 (full 2):
 PSYoungGen      total 23040K, used 22889K [0x00000000d5580000, 0x00000000d6f00000, 0x0000000100000000)
  eden space 22016K, 100% used [0x00000000d5580000,0x00000000d6b00000,0x00000000d6b00000)
  from space 1024K, 85% used [0x00000000d6c00000,0x00000000d6cda460,0x00000000d6d00000)
  to   space 1536K, 0% used [0x00000000d6d80000,0x00000000d6d80000,0x00000000d6f00000)
 ParOldGen       total 68608K, used 23311K [0x0000000080000000, 0x0000000084300000, 0x00000000d5580000)
  object space 68608K, 33% used [0x0000000080000000,0x00000000816c3fb8,0x0000000084300000)
 Metaspace       used 41360K, committed 42496K, reserved 1114112K
  class space    used 4362K, committed 4800K, reserved 1048576K
}
Event: 9.255 GC heap after
{Heap after GC invocations=18 (full 2):
 PSYoungGen      total 23040K, used 784K [0x00000000d5580000, 0x00000000d6e80000, 0x0000000100000000)
  eden space 22016K, 0% used [0x00000000d5580000,0x00000000d5580000,0x00000000d6b00000)
  from space 1024K, 76% used [0x00000000d6d80000,0x00000000d6e44010,0x00000000d6e80000)
  to   space 1024K, 0% used [0x00000000d6c00000,0x00000000d6c00000,0x00000000d6d00000)
 ParOldGen       total 68608K, used 23997K [0x0000000080000000, 0x0000000084300000, 0x00000000d5580000)
  object space 68608K, 34% used [0x0000000080000000,0x000000008176f428,0x0000000084300000)
 Metaspace       used 41360K, committed 42496K, reserved 1114112K
  class space    used 4362K, committed 4800K, reserved 1048576K
}

